[INFO 20:25:58] main Experiment Parameters:
|                                      | HyperParameter Value                  |
|:-------------------------------------|:--------------------------------------|
| CM_selected_inner                    |                                       |
| NM_lane_embedding_size               | 32                                    |
| NM_phase_loss_weight                 | 0                                     |
| NM_phase_loss_with_replay            | False                                 |
| NM_road_predict_hidden               | 32                                    |
| NM_scale_by_lane_number              | False                                 |
| NM_volume_loss_weight                | 0                                     |
| agent                                |                                       |
| cityflow_log                         |                                       |
| config.accumulated_episodes          | 1                                     |
| config.action_selector               | epsilon_greedy                        |
| config.actor_input_seq_str           | o_la                                  |
| config.agent                         | n_rnn                                 |
| config.agent_output_type             | pi_logits                             |
| config.batch_size                    | 8                                     |
| config.batch_size_run                | 8                                     |
| config.buffer_cpu_only               | True                                  |
| config.buffer_size                   | 200                                   |
| config.checkpoint_path               |                                       |
| config.critic_input_seq_str          | o                                     |
| config.critic_type                   | maddpg_critic                         |
| config.epsilon_anneal_time           | 50000                                 |
| config.epsilon_finish                | 0.05                                  |
| config.epsilon_start                 | 1.0                                   |
| config.evaluate                      | False                                 |
| config.gamma                         | 0.985                                 |
| config.grad_norm_clip                | 5                                     |
| config.hidden_dim                    | 128                                   |
| config.learner                       | maddpg_learner                        |
| config.learner_log_interval          | 10000                                 |
| config.local_results_path            | /cmlscratch/anirudhs/cmarl_traffic    |
| config.log_interval                  | 10000                                 |
| config.lr                            | 0.0005                                |
| config.mac                           | maddpg_mac                            |
| config.mini_epochs                   | 1                                     |
| config.n_lambda                      | 51                                    |
| config.name                          | maddpg                                |
| config.obs_agent_id                  | True                                  |
| config.obs_individual_obs            | False                                 |
| config.obs_last_action               | False                                 |
| config.optim                         | Adam                                  |
| config.optim_alpha                   | 0.99                                  |
| config.optim_eps                     | 1e-05                                 |
| config.reg                           | 0.001                                 |
| config.run                           | maddpg_run                            |
| config.runner                        | episode                               |
| config.sampling_lambda_index         | 0                                     |
| config.save_model                    | False                                 |
| config.save_model_interval           | 1460000                               |
| config.save_probs                    | False                                 |
| config.save_replay                   | False                                 |
| config.standardise_returns           | False                                 |
| config.standardise_rewards           | True                                  |
| config.t_max                         | 5000000                               |
| config.target_update_interval_or_tau | 200                                   |
| config.test_greedy                   | True                                  |
| config.test_interval                 | 200                                   |
| config.test_nepisode                 | 8                                     |
| config.use_cuda                      | True                                  |
| config.use_double_q                  | True                                  |
| config.use_individual_rewards        | True                                  |
| config.use_layer_norm                | False                                 |
| config.use_loss_normalization        | False                                 |
| config.use_mean_team_reward          | False                                 |
| config.use_n_lambda                  | False                                 |
| config.use_orthogonal                | False                                 |
| config.use_reward_normalization      | True                                  |
| config.use_sample_prob_weights       | True                                  |
| config.use_single_lambda_sampling    | False                                 |
| config.use_tensorboard               | False                                 |
| config.use_wandb                     | True                                  |
| config.visualize                     | False                                 |
| config.visualize_interval            | 500000                                |
| config.wandb_project_name            | ctraffic                              |
| config.whittle_hidden_dim            | 128                                   |
| development                          | False                                 |
| enable_wandb                         | True                                  |
| env                                  | ctraffic                              |
| evaluate_interval                    | 10                                    |
| evaluate_round                       | 10                                    |
| feature_hidden_size                  | 512                                   |
| fixed_time                           | 30                                    |
| gamma                                | 0.99                                  |
| gammas                               | 0.99                                  |
| gpu_to_use                           |                                       |
| learning_rate                        | 0.0001                                |
| log_folder                           | logs/                                 |
| log_interval                         | 100                                   |
| main                                 |                                       |
| mode                                 | train                                 |
| model                                |                                       |
| model_save_path                      |                                       |
| multi_agent                          |                                       |
| n_frames                             | 1000000                               |
| n_steps                              | 5                                     |
| name                                 | maddpg                                |
| no_cuda                              | False                                 |
| preload_model_file                   |                                       |
| render_steps                         | -1                                    |
| results_path                         | /cmlscratch/anirudhs/ctraffic/results |
| save_interval                        | 0                                     |
| seed                                 | 981466880                             |
| simulate_time                        | 360                                   |
| target_reward                        | 1e+100                                |
| tensorboardx_comment                 |                                       |
| test_round                           | 0                                     |
| threads                              | 24                                    |
| use_cuda                             | True                                  |
| wandb_api_key                        |                                       |
| wandb_entity_name                    | anirudh-satheesh                      |
| wandb_project_name                   | ctraffic                              |
| wandb_sync_mode                      | online                                |
| work_folder                          | ./                                    |
| wrapper_model                        |                                       |
[INFO 20:25:59] main MDP Components:
|                    | vshape   | group   | dtype         |
|:-------------------|:---------|:--------|:--------------|
| actions            | (1,)     | agents  | torch.int64   |
| actions_onehot     | (8,)     | agents  | torch.float32 |
| avail_actions      | (8,)     | agents  | torch.int32   |
| filled             | (1,)     |         | torch.int64   |
| individual_rewards | (1,)     | agents  |               |
| mean_action        | (8,)     | agents  | torch.float32 |
| obs                | 204      | agents  |               |
| probs              | (8,)     | agents  | torch.float32 |
| reward             | (1,)     |         |               |
| state              | 3264.0   |         |               |
| terminated         | (1,)     |         | torch.uint8   |
| total_reward       | (1,)     |         |               |
Input Shape: 3296
[INFO 20:26:04] main Beginning training for 5000000 timesteps
[INFO 20:26:29] main t_env: 720 / 5000000
[INFO 20:26:29] main Estimated time left: 2 days, 12 minutes, 24 seconds. Time passed: 24 seconds
new test result : -581.31936225
[INFO 20:26:54] main t_env: 1080 / 5000000
[INFO 20:26:54] main Estimated time left: 3 days, 22 hours, 45 minutes, 5 seconds. Time passed: 49 seconds
[INFO 20:27:19] main t_env: 1440 / 5000000
[INFO 20:27:19] main Estimated time left: 4 days, 1 hours, 31 minutes, 1 seconds. Time passed: 1 minutes, 14 seconds
[INFO 20:27:45] main t_env: 1800 / 5000000
[INFO 20:27:45] main Estimated time left: 4 days, 2 hours, 40 minutes, 52 seconds. Time passed: 1 minutes, 40 seconds
[DEBUG 20:28:10] ctraffic Stopping Heartbeat
[WARNING 20:28:10] ctraffic Aborted after 0:02:14!
Traceback (most recent call last):
  File "/cmlscratch/anirudhs/miniconda/envs/ctraffic/lib/python3.9/site-packages/sacred/stdout_capturing.py", line 164, in tee_output_fd
    yield out  # let the caller do their printing
  File "/cmlscratch/anirudhs/miniconda/envs/ctraffic/lib/python3.9/site-packages/sacred/run.py", line 238, in __call__
    self.result = self.main_function(*args)
  File "/cmlscratch/anirudhs/miniconda/envs/ctraffic/lib/python3.9/site-packages/sacred/config/captured_function.py", line 42, in captured_function
    result = wrapped(*args, **kwargs)
  File "/nfshomes/anirudhs/CMARL-Traffic/main.py", line 60, in main
    run_REGISTRY[_config["config"]["run"]](_run, config, _log)
  File "/nfshomes/anirudhs/CMARL-Traffic/MARL/run/episode_run.py", line 58, in run
    run_sequential(args=args, logger=logger)
  File "/nfshomes/anirudhs/CMARL-Traffic/MARL/run/episode_run.py", line 175, in run_sequential
    episode_batch, train_reward, train_stats = runner.run(test_mode=False)
  File "/nfshomes/anirudhs/CMARL-Traffic/MARL/runners/episode_runner.py", line 93, in run
    reward, terminated, env_info = self.env.step(actions[0].reshape(-1).cpu())
  File "/nfshomes/anirudhs/CMARL-Traffic/MARL/envs/traffic/CTrafficEnvironment.py", line 92, in step
    self._obs, reward, done, info = self._env.step(actions)
  File "/nfshomes/anirudhs/CMARL-Traffic/MARL/envs/traffic/CTrafficEnvironment.py", line 66, in step
    return self._env.step(actions)
  File "/nfshomes/anirudhs/CMARL-Traffic/MARL/envs/traffic/CTrafficEnvironment.py", line 26, in step
    observation, reward, done, info = self.env.step(action)
  File "/nfshomes/anirudhs/CMARL-Traffic/Environment/wrapper/oracle_wrapper.py", line 12, in step
    states, rewards, done, info = self.env.step(actions)
  File "/nfshomes/anirudhs/CMARL-Traffic/Environment/wrapper/flatten_wrapper.py", line 17, in step
    states, rewards, done, infos = self.env.step(actions)
  File "/nfshomes/anirudhs/CMARL-Traffic/Environment/wrapper/observation_wrapper.py", line 98, in step
    state, all_reward, done, infos = self.env.step(action)
  File "/nfshomes/anirudhs/CMARL-Traffic/Environment/cityflow_env.py", line 761, in step
    self._inner_step(action, self.config["ACTION_PATTERN"])
  File "/nfshomes/anirudhs/CMARL-Traffic/Environment/cityflow_env.py", line 822, in _inner_step
    self.eng.next_step()  # catch errors and report to above
KeyboardInterrupt

During handling of the above exception, another exception occurred:

Traceback (most recent call last):
  File "/cmlscratch/anirudhs/miniconda/envs/ctraffic/lib/python3.9/subprocess.py", line 1185, in wait
    return self._wait(timeout=timeout)
  File "/cmlscratch/anirudhs/miniconda/envs/ctraffic/lib/python3.9/subprocess.py", line 1909, in _wait
    time.sleep(delay)
KeyboardInterrupt

During handling of the above exception, another exception occurred:

Traceback (most recent call last):
  File "/nfshomes/anirudhs/CMARL-Traffic/main.py", line 83, in <module>
    ex.run_commandline(command)
  File "/cmlscratch/anirudhs/miniconda/envs/ctraffic/lib/python3.9/site-packages/sacred/experiment.py", line 313, in run_commandline
    return self.run(
  File "/cmlscratch/anirudhs/miniconda/envs/ctraffic/lib/python3.9/site-packages/sacred/experiment.py", line 277, in run
    run()
  File "/cmlscratch/anirudhs/miniconda/envs/ctraffic/lib/python3.9/site-packages/sacred/run.py", line 244, in __call__
    self._get_captured_output()
  File "/cmlscratch/anirudhs/miniconda/envs/ctraffic/lib/python3.9/contextlib.py", line 135, in __exit__
    self.gen.throw(type, value, traceback)
  File "/cmlscratch/anirudhs/miniconda/envs/ctraffic/lib/python3.9/site-packages/sacred/stdout_capturing.py", line 177, in tee_output_fd
    tee_stdout.wait(timeout=1)
  File "/cmlscratch/anirudhs/miniconda/envs/ctraffic/lib/python3.9/subprocess.py", line 1198, in wait
    self._wait(timeout=sigint_timeout)
  File "/cmlscratch/anirudhs/miniconda/envs/ctraffic/lib/python3.9/subprocess.py", line 1909, in _wait
    time.sleep(delay)
KeyboardInterrupt
